c:\users\punnawit\source\repos\project-externaloverlay-main\project external overlay\debug\vc143.pdb
c:\users\punnawit\source\repos\project-externaloverlay-main\project external overlay\debug\vc143.idb
c:\users\punnawit\source\repos\project-externaloverlay-main\project external overlay\debug\memory.obj
c:\users\punnawit\source\repos\project-externaloverlay-main\project external overlay\debug\main.obj
c:\users\punnawit\source\repos\project-externaloverlay-main\project external overlay\debug\imgui_widgets.obj
c:\users\punnawit\source\repos\project-externaloverlay-main\project external overlay\debug\imgui_tables.obj
c:\users\punnawit\source\repos\project-externaloverlay-main\project external overlay\debug\imgui_impl_win32.obj
c:\users\punnawit\source\repos\project-externaloverlay-main\project external overlay\debug\imgui_impl_dx11.obj
c:\users\punnawit\source\repos\project-externaloverlay-main\project external overlay\debug\imgui_draw.obj
c:\users\punnawit\source\repos\project-externaloverlay-main\project external overlay\debug\imgui_demo.obj
c:\users\punnawit\source\repos\project-externaloverlay-main\project external overlay\debug\imgui.obj
c:\users\punnawit\source\repos\project-externaloverlay-main\project external overlay\debug\gpi.obj
c:\users\punnawit\source\repos\project-externaloverlay-main\debug\project external overlay.exe
c:\users\punnawit\source\repos\project-externaloverlay-main\debug\project external overlay.pdb
c:\users\punnawit\source\repos\project-externaloverlay-main\project external overlay\debug\project external overlay.ilk
c:\users\punnawit\source\repos\project-externaloverlay-main\project external overlay\debug\project .fffd87fb.tlog\cl.command.1.tlog
c:\users\punnawit\source\repos\project-externaloverlay-main\project external overlay\debug\project .fffd87fb.tlog\cl.items.tlog
c:\users\punnawit\source\repos\project-externaloverlay-main\project external overlay\debug\project .fffd87fb.tlog\cl.read.1.tlog
c:\users\punnawit\source\repos\project-externaloverlay-main\project external overlay\debug\project .fffd87fb.tlog\cl.write.1.tlog
c:\users\punnawit\source\repos\project-externaloverlay-main\project external overlay\debug\project .fffd87fb.tlog\link.command.1.tlog
c:\users\punnawit\source\repos\project-externaloverlay-main\project external overlay\debug\project .fffd87fb.tlog\link.read.1.tlog
c:\users\punnawit\source\repos\project-externaloverlay-main\project external overlay\debug\project .fffd87fb.tlog\link.secondary.1.tlog
c:\users\punnawit\source\repos\project-externaloverlay-main\project external overlay\debug\project .fffd87fb.tlog\link.write.1.tlog
